Warning: TestRig moved to org.antlr.v4.gui.TestRig; calling automatically
Recherche de n dans table locale: {return=AdresseType@7dcf94f8, n=AdresseType@229f66ed, N=AdresseType@31190526}
Recherche de n dans table locale: {return=AdresseType@7dcf94f8, n=AdresseType@229f66ed, N=AdresseType@31190526}
Recherche de N dans table locale: {return=AdresseType@7dcf94f8, n=AdresseType@229f66ed, N=AdresseType@31190526}
Recherche de N dans table locale: {return=AdresseType@7dcf94f8, n=AdresseType@229f66ed, N=AdresseType@31190526}
Recherche de return dans table locale: {return=AdresseType@7dcf94f8, n=AdresseType@229f66ed, N=AdresseType@31190526}
Recherche de n dans table locale: {return=AdresseType@131ef10, n=AdresseType@55b0dcab}
Recherche de return dans table locale: {return=AdresseType@131ef10, n=AdresseType@55b0dcab}
n pas trouvé en local
Recherche de n dans table globale: {trace=AdresseType@683dbc2c, n=AdresseType@68267da0, N=AdresseType@2638011} => @AdresseType@68267da0
n pas trouvé en local
Recherche de n dans table globale: {trace=AdresseType@683dbc2c, n=AdresseType@68267da0, N=AdresseType@2638011} => @AdresseType@68267da0
trace pas trouvé en local
Recherche de trace dans table globale: {trace=AdresseType@683dbc2c, n=AdresseType@68267da0, N=AdresseType@2638011} => @AdresseType@683dbc2c
trace pas trouvé en local
Recherche de trace dans table globale: {trace=AdresseType@683dbc2c, n=AdresseType@68267da0, N=AdresseType@2638011} => @AdresseType@683dbc2c
n pas trouvé en local
Recherche de n dans table globale: {trace=AdresseType@683dbc2c, n=AdresseType@68267da0, N=AdresseType@2638011} => @AdresseType@68267da0
n pas trouvé en local
Recherche de n dans table globale: {trace=AdresseType@683dbc2c, n=AdresseType@68267da0, N=AdresseType@2638011} => @AdresseType@68267da0
trace pas trouvé en local
Recherche de trace dans table globale: {trace=AdresseType@683dbc2c, n=AdresseType@68267da0, N=AdresseType@2638011} => @AdresseType@683dbc2c
trace pas trouvé en local
Recherche de trace dans table globale: {trace=AdresseType@683dbc2c, n=AdresseType@68267da0, N=AdresseType@2638011} => @AdresseType@683dbc2c
trace pas trouvé en local
Recherche de trace dans table globale: {trace=AdresseType@683dbc2c, n=AdresseType@68267da0, N=AdresseType@2638011} => @AdresseType@683dbc2c
trace pas trouvé en local
Recherche de trace dans table globale: {trace=AdresseType@683dbc2c, n=AdresseType@68267da0, N=AdresseType@2638011} => @AdresseType@683dbc2c
n pas trouvé en local
Recherche de n dans table globale: {trace=AdresseType@683dbc2c, n=AdresseType@68267da0, N=AdresseType@2638011} => @AdresseType@68267da0
trace pas trouvé en local
Recherche de trace dans table globale: {trace=AdresseType@683dbc2c, n=AdresseType@68267da0, N=AdresseType@2638011} => @AdresseType@683dbc2c
trace pas trouvé en local
Recherche de trace dans table globale: {trace=AdresseType@683dbc2c, n=AdresseType@68267da0, N=AdresseType@2638011} => @AdresseType@683dbc2c
n pas trouvé en local
Recherche de n dans table globale: {trace=AdresseType@683dbc2c, n=AdresseType@68267da0, N=AdresseType@2638011} => @AdresseType@68267da0
trace pas trouvé en local
Recherche de trace dans table globale: {trace=AdresseType@683dbc2c, n=AdresseType@68267da0, N=AdresseType@2638011} => @AdresseType@683dbc2c
trace pas trouvé en local
Recherche de trace dans table globale: {trace=AdresseType@683dbc2c, n=AdresseType@68267da0, N=AdresseType@2638011} => @AdresseType@683dbc2c
n pas trouvé en local
Recherche de n dans table globale: {trace=AdresseType@683dbc2c, n=AdresseType@68267da0, N=AdresseType@2638011} => @AdresseType@68267da0
trace pas trouvé en local
Recherche de trace dans table globale: {trace=AdresseType@683dbc2c, n=AdresseType@68267da0, N=AdresseType@2638011} => @AdresseType@683dbc2c
trace pas trouvé en local
Recherche de trace dans table globale: {trace=AdresseType@683dbc2c, n=AdresseType@68267da0, N=AdresseType@2638011} => @AdresseType@683dbc2c
trace pas trouvé en local
Recherche de trace dans table globale: {trace=AdresseType@683dbc2c, n=AdresseType@68267da0, N=AdresseType@2638011} => @AdresseType@683dbc2c
trace pas trouvé en local
Recherche de trace dans table globale: {trace=AdresseType@683dbc2c, n=AdresseType@68267da0, N=AdresseType@2638011} => @AdresseType@683dbc2c
n pas trouvé en local
Recherche de n dans table globale: {trace=AdresseType@683dbc2c, n=AdresseType@68267da0, N=AdresseType@2638011} => @AdresseType@68267da0
n pas trouvé en local
Recherche de n dans table globale: {trace=AdresseType@683dbc2c, n=AdresseType@68267da0, N=AdresseType@2638011} => @AdresseType@68267da0
n pas trouvé en local
Recherche de n dans table globale: {trace=AdresseType@683dbc2c, n=AdresseType@68267da0, N=AdresseType@2638011} => @AdresseType@68267da0
trace pas trouvé en local
Recherche de trace dans table globale: {trace=AdresseType@683dbc2c, n=AdresseType@68267da0, N=AdresseType@2638011} => @AdresseType@683dbc2c
trace pas trouvé en local
Recherche de trace dans table globale: {trace=AdresseType@683dbc2c, n=AdresseType@68267da0, N=AdresseType@2638011} => @AdresseType@683dbc2c
trace pas trouvé en local
Recherche de trace dans table globale: {trace=AdresseType@683dbc2c, n=AdresseType@68267da0, N=AdresseType@2638011} => @AdresseType@683dbc2c
trace pas trouvé en local
Recherche de trace dans table globale: {trace=AdresseType@683dbc2c, n=AdresseType@68267da0, N=AdresseType@2638011} => @AdresseType@683dbc2c
trace pas trouvé en local
Recherche de trace dans table globale: {trace=AdresseType@683dbc2c, n=AdresseType@68267da0, N=AdresseType@2638011} => @AdresseType@683dbc2c
trace pas trouvé en local
Recherche de trace dans table globale: {trace=AdresseType@683dbc2c, n=AdresseType@68267da0, N=AdresseType@2638011} => @AdresseType@683dbc2c
n pas trouvé en local
Recherche de n dans table globale: {trace=AdresseType@683dbc2c, n=AdresseType@68267da0, N=AdresseType@2638011} => @AdresseType@68267da0
trace pas trouvé en local
Recherche de trace dans table globale: {trace=AdresseType@683dbc2c, n=AdresseType@68267da0, N=AdresseType@2638011} => @AdresseType@683dbc2c
trace pas trouvé en local
Recherche de trace dans table globale: {trace=AdresseType@683dbc2c, n=AdresseType@68267da0, N=AdresseType@2638011} => @AdresseType@683dbc2c
