Warning: TestRig moved to org.antlr.v4.gui.TestRig; calling automatically
Recherche de s dans table locale: {s=AdresseType@31190526, prec=AdresseType@662ac478, return=AdresseType@6743e411}
Recherche de r dans table locale: {s=AdresseType@31190526, prec=AdresseType@662ac478, return=AdresseType@6743e411}
r pas trouvé en local
Recherche de r dans table globale: {p=AdresseType@367ffa75, r=AdresseType@49438269, i=AdresseType@ba2f4ec} => @AdresseType@49438269
Recherche de i dans table locale: {s=AdresseType@31190526, prec=AdresseType@662ac478, return=AdresseType@6743e411}
i pas trouvé en local
Recherche de i dans table globale: {p=AdresseType@367ffa75, r=AdresseType@49438269, i=AdresseType@ba2f4ec} => @AdresseType@ba2f4ec
Recherche de i dans table locale: {s=AdresseType@31190526, prec=AdresseType@662ac478, return=AdresseType@6743e411}
i pas trouvé en local
Recherche de i dans table globale: {p=AdresseType@367ffa75, r=AdresseType@49438269, i=AdresseType@ba2f4ec} => @AdresseType@ba2f4ec
Recherche de prec dans table locale: {s=AdresseType@31190526, prec=AdresseType@662ac478, return=AdresseType@6743e411}
Recherche de i dans table locale: {s=AdresseType@31190526, prec=AdresseType@662ac478, return=AdresseType@6743e411}
i pas trouvé en local
Recherche de i dans table globale: {p=AdresseType@367ffa75, r=AdresseType@49438269, i=AdresseType@ba2f4ec} => @AdresseType@ba2f4ec
Recherche de i dans table locale: {s=AdresseType@31190526, prec=AdresseType@662ac478, return=AdresseType@6743e411}
i pas trouvé en local
Recherche de i dans table globale: {p=AdresseType@367ffa75, r=AdresseType@49438269, i=AdresseType@ba2f4ec} => @AdresseType@ba2f4ec
Recherche de r dans table locale: {s=AdresseType@31190526, prec=AdresseType@662ac478, return=AdresseType@6743e411}
r pas trouvé en local
Recherche de r dans table globale: {p=AdresseType@367ffa75, r=AdresseType@49438269, i=AdresseType@ba2f4ec} => @AdresseType@49438269
Recherche de s dans table locale: {s=AdresseType@31190526, prec=AdresseType@662ac478, return=AdresseType@6743e411}
Recherche de r dans table locale: {s=AdresseType@31190526, prec=AdresseType@662ac478, return=AdresseType@6743e411}
r pas trouvé en local
Recherche de r dans table globale: {p=AdresseType@367ffa75, r=AdresseType@49438269, i=AdresseType@ba2f4ec} => @AdresseType@49438269
Recherche de r dans table locale: {s=AdresseType@31190526, prec=AdresseType@662ac478, return=AdresseType@6743e411}
r pas trouvé en local
Recherche de r dans table globale: {p=AdresseType@367ffa75, r=AdresseType@49438269, i=AdresseType@ba2f4ec} => @AdresseType@49438269
Recherche de r dans table locale: {s=AdresseType@31190526, prec=AdresseType@662ac478, return=AdresseType@6743e411}
r pas trouvé en local
Recherche de r dans table globale: {p=AdresseType@367ffa75, r=AdresseType@49438269, i=AdresseType@ba2f4ec} => @AdresseType@49438269
Recherche de return dans table locale: {s=AdresseType@31190526, prec=AdresseType@662ac478, return=AdresseType@6743e411}
Recherche de r dans table locale: {prec=AdresseType@561b6512, return=AdresseType@2e377400}
r pas trouvé en local
Recherche de r dans table globale: {p=AdresseType@367ffa75, r=AdresseType@49438269, i=AdresseType@ba2f4ec} => @AdresseType@49438269
Recherche de i dans table locale: {prec=AdresseType@561b6512, return=AdresseType@2e377400}
i pas trouvé en local
Recherche de i dans table globale: {p=AdresseType@367ffa75, r=AdresseType@49438269, i=AdresseType@ba2f4ec} => @AdresseType@ba2f4ec
Recherche de i dans table locale: {prec=AdresseType@561b6512, return=AdresseType@2e377400}
i pas trouvé en local
Recherche de i dans table globale: {p=AdresseType@367ffa75, r=AdresseType@49438269, i=AdresseType@ba2f4ec} => @AdresseType@ba2f4ec
Recherche de prec dans table locale: {prec=AdresseType@561b6512, return=AdresseType@2e377400}
Recherche de i dans table locale: {prec=AdresseType@561b6512, return=AdresseType@2e377400}
i pas trouvé en local
Recherche de i dans table globale: {p=AdresseType@367ffa75, r=AdresseType@49438269, i=AdresseType@ba2f4ec} => @AdresseType@ba2f4ec
Recherche de i dans table locale: {prec=AdresseType@561b6512, return=AdresseType@2e377400}
i pas trouvé en local
Recherche de i dans table globale: {p=AdresseType@367ffa75, r=AdresseType@49438269, i=AdresseType@ba2f4ec} => @AdresseType@ba2f4ec
Recherche de r dans table locale: {prec=AdresseType@561b6512, return=AdresseType@2e377400}
r pas trouvé en local
Recherche de r dans table globale: {p=AdresseType@367ffa75, r=AdresseType@49438269, i=AdresseType@ba2f4ec} => @AdresseType@49438269
line 16:24 mismatched input 'float' expecting {'-', '(', IDENTIFIANT, ENTIER}
line 16:30 mismatched input 'i' expecting {'-', '*', '/', '+', ')'}
Recherche de r dans table locale: {prec=AdresseType@561b6512, return=AdresseType@2e377400}
r pas trouvé en local
Recherche de r dans table globale: {p=AdresseType@367ffa75, r=AdresseType@49438269, i=AdresseType@ba2f4ec} => @AdresseType@49438269
Recherche de i dans table locale: {prec=AdresseType@561b6512, return=AdresseType@2e377400}
i pas trouvé en local
Recherche de i dans table globale: {p=AdresseType@367ffa75, r=AdresseType@49438269, i=AdresseType@ba2f4ec} => @AdresseType@ba2f4ec
Recherche de i dans table locale: {prec=AdresseType@561b6512, return=AdresseType@2e377400}
i pas trouvé en local
Recherche de i dans table globale: {p=AdresseType@367ffa75, r=AdresseType@49438269, i=AdresseType@ba2f4ec} => @AdresseType@ba2f4ec
line 16:33 extraneous input ')' expecting {';', NEWLINE}
Recherche de r dans table locale: {prec=AdresseType@561b6512, return=AdresseType@2e377400}
r pas trouvé en local
Recherche de r dans table globale: {p=AdresseType@367ffa75, r=AdresseType@49438269, i=AdresseType@ba2f4ec} => @AdresseType@49438269
Recherche de prec dans table locale: {prec=AdresseType@561b6512, return=AdresseType@2e377400}
Recherche de return dans table locale: {prec=AdresseType@561b6512, return=AdresseType@2e377400}
